<?xml version="1.0" encoding="UTF-8"?>
<!-- Generated by org.testng.reporters.JUnitXMLReporter -->
<testsuite hostname="DESKTOP-PFKHA3E" ignored="4" name="Test" tests="3" failures="1" timestamp="2019-11-21T00:03:31 IST" time="79.021" errors="0">
  <testcase name="validateRegisterButtonShouldBeDisabledIfPasswordCriteriaNotFulFiiled" time="11.142" classname="com.bhavin.testCases.TestCase_03_ValidateRegisterButtonShouldBeDisabledIfPasswordCriteriaNotFulFiiled"/>
  <testcase name="validateDropDownValueOfFilterOnShopPage" time="25.008" classname="com.bhavin.testCases.TestCase_04_ValidateDropDownValueOfFilterOnShopPage">
    <failure type="java.lang.AssertionError" message="Expected Data missing : [low to high, high to low]Actual Data found :[]: lists don&amp;apos;t have the same size expected [8] but found [6]">
      <![CDATA[java.lang.AssertionError: Expected Data missing : [low to high, high to low]Actual Data found :[]: lists don't have the same size expected [8] but found [6]
at com.bhavin.testCases.TestCase_04_ValidateDropDownValueOfFilterOnShopPage.validateDropDownValueOfFilterOnShopPage(TestCase_04_ValidateDropDownValueOfFilterOnShopPage.java:60)
at java.util.ArrayList.forEach(Unknown Source)
... Removed 33 stack frames]]>
    </failure>
  </testcase> <!-- validateDropDownValueOfFilterOnShopPage -->
  <testcase name="validateUserCanNotLoggedInWithoutPassword" time="10.676" classname="com.bhavin.testCases.TestCase_05_ValidateUserCanNotLoggedInWithoutPassword"/>
  <testcase name="@BeforeSuite loadDirectories" time="0.0" classname="com.bhavin.base.TestBase">
    <ignored/>
  </testcase> <!-- @BeforeSuite loadDirectories -->
  <testcase name="@BeforeSuite loadDirectories" time="0.0" classname="com.bhavin.base.TestBase">
    <ignored/>
  </testcase> <!-- @BeforeSuite loadDirectories -->
  <testcase name="@AfterSuite quit" time="0.0" classname="com.bhavin.base.TestBase">
    <ignored/>
  </testcase> <!-- @AfterSuite quit -->
  <testcase name="@AfterSuite quit" time="0.0" classname="com.bhavin.base.TestBase">
    <ignored/>
  </testcase> <!-- @AfterSuite quit -->
</testsuite> <!-- Test -->
